app/build/intermediates/manifest_merge_blame_file/debug/processDebugMainManifest/manifest-merger-blame-debug-report.txt
1<?xml version="1.0" encoding="utf-8"?>
2<manifest xmlns:android="http://schemas.android.com/apk/res/android"
3    package="io.cadence.music.debug"
4    android:versionCode="1"
5    android:versionName="0.2.0" >
6
7    <uses-sdk
8        android:minSdkVersion="30"
9        android:targetSdkVersion="36" />
10
11    <!-- Network (not needed for core flow but kept for future use) -->
12    <uses-permission android:name="android.permission.INTERNET" />
12-->src/main/AndroidManifest.xml:5:5-67
12-->src/main/AndroidManifest.xml:5:22-64
13
14    <!-- Location -->
15    <uses-permission android:name="android.permission.ACCESS_FINE_LOCATION" />
15-->src/main/AndroidManifest.xml:8:5-79
15-->src/main/AndroidManifest.xml:8:22-76
16    <uses-permission android:name="android.permission.ACCESS_COARSE_LOCATION" />
16-->src/main/AndroidManifest.xml:9:5-81
16-->src/main/AndroidManifest.xml:9:22-78
17
18    <!-- Foreground services -->
19    <uses-permission android:name="android.permission.FOREGROUND_SERVICE" />
19-->src/main/AndroidManifest.xml:12:5-77
19-->src/main/AndroidManifest.xml:12:22-74
20    <uses-permission android:name="android.permission.FOREGROUND_SERVICE_LOCATION" />
20-->src/main/AndroidManifest.xml:13:5-86
20-->src/main/AndroidManifest.xml:13:22-83
21    <uses-permission android:name="android.permission.FOREGROUND_SERVICE_MEDIA_PLAYBACK" />
21-->src/main/AndroidManifest.xml:14:5-92
21-->src/main/AndroidManifest.xml:14:22-89
22
23    <!-- Notifications (Android 13+) -->
24    <uses-permission android:name="android.permission.POST_NOTIFICATIONS" />
24-->src/main/AndroidManifest.xml:17:5-77
24-->src/main/AndroidManifest.xml:17:22-74
25
26    <!-- Health Connect -->
27    <uses-permission android:name="android.permission.health.READ_HEART_RATE" />
27-->src/main/AndroidManifest.xml:20:5-81
27-->src/main/AndroidManifest.xml:20:22-78
28    <uses-permission android:name="android.permission.health.READ_STEPS" />
28-->src/main/AndroidManifest.xml:21:5-76
28-->src/main/AndroidManifest.xml:21:22-73
29    <uses-permission android:name="android.permission.health.READ_SLEEP" />
29-->src/main/AndroidManifest.xml:22:5-76
29-->src/main/AndroidManifest.xml:22:22-73
30    <uses-permission android:name="android.permission.health.READ_OXYGEN_SATURATION" />
30-->src/main/AndroidManifest.xml:23:5-88
30-->src/main/AndroidManifest.xml:23:22-85
31    <uses-permission android:name="android.permission.health.READ_BLOOD_PRESSURE" />
31-->src/main/AndroidManifest.xml:24:5-85
31-->src/main/AndroidManifest.xml:24:22-82
32    <uses-permission android:name="android.permission.health.READ_BODY_TEMPERATURE" />
32-->src/main/AndroidManifest.xml:25:5-87
32-->src/main/AndroidManifest.xml:25:22-84
33    <uses-permission android:name="android.permission.health.READ_FLOORS_CLIMBED" />
33-->src/main/AndroidManifest.xml:26:5-85
33-->src/main/AndroidManifest.xml:26:22-82
34    <uses-permission android:name="android.permission.health.READ_ACTIVE_CALORIES_BURNED" />
34-->src/main/AndroidManifest.xml:27:5-93
34-->src/main/AndroidManifest.xml:27:22-90
35    <uses-permission android:name="android.permission.health.READ_DISTANCE" />
35-->src/main/AndroidManifest.xml:28:5-79
35-->src/main/AndroidManifest.xml:28:22-76
36    <uses-permission android:name="android.permission.health.READ_EXERCISE" />
36-->src/main/AndroidManifest.xml:29:5-79
36-->src/main/AndroidManifest.xml:29:22-76
37    <uses-permission android:name="android.permission.health.READ_TOTAL_CALORIES_BURNED" />
37-->src/main/AndroidManifest.xml:30:5-92
37-->src/main/AndroidManifest.xml:30:22-89
38
39    <queries>
39-->src/main/AndroidManifest.xml:32:5-37:15
40
41        <!-- Health Connect providers -->
42        <package android:name="com.google.android.apps.healthdata" />
42-->src/main/AndroidManifest.xml:34:9-70
42-->src/main/AndroidManifest.xml:34:18-67
43        <!-- Gemini app (for music generation intent) -->
44        <package android:name="com.google.android.apps.bard" />
44-->src/main/AndroidManifest.xml:36:9-64
44-->src/main/AndroidManifest.xml:36:18-61
45    </queries>
46
47    <uses-permission android:name="android.permission.ACCESS_NETWORK_STATE" />
47-->[androidx.media3:media3-common:1.3.1] AndroidManifest.xml:22:5-79
47-->[androidx.media3:media3-common:1.3.1] AndroidManifest.xml:22:22-76
48
49    <permission
49-->[androidx.core:core:1.13.1] AndroidManifest.xml:22:5-24:47
50        android:name="io.cadence.music.debug.DYNAMIC_RECEIVER_NOT_EXPORTED_PERMISSION"
50-->[androidx.core:core:1.13.1] AndroidManifest.xml:23:9-81
51        android:protectionLevel="signature" />
51-->[androidx.core:core:1.13.1] AndroidManifest.xml:24:9-44
52
53    <uses-permission android:name="io.cadence.music.debug.DYNAMIC_RECEIVER_NOT_EXPORTED_PERMISSION" />
53-->[androidx.core:core:1.13.1] AndroidManifest.xml:26:5-97
53-->[androidx.core:core:1.13.1] AndroidManifest.xml:26:22-94
54
55    <application
55-->src/main/AndroidManifest.xml:39:5-88:19
56        android:name="io.cadence.music.CadenceApplication"
56-->src/main/AndroidManifest.xml:40:9-43
57        android:allowBackup="false"
57-->src/main/AndroidManifest.xml:41:9-36
58        android:appComponentFactory="androidx.core.app.CoreComponentFactory"
58-->[androidx.core:core:1.13.1] AndroidManifest.xml:28:18-86
59        android:debuggable="true"
60        android:extractNativeLibs="false"
61        android:icon="@mipmap/ic_launcher"
61-->src/main/AndroidManifest.xml:43:9-43
62        android:label="@string/app_name"
62-->src/main/AndroidManifest.xml:44:9-41
63        android:roundIcon="@mipmap/ic_launcher_round"
63-->src/main/AndroidManifest.xml:45:9-54
64        android:supportsRtl="true"
64-->src/main/AndroidManifest.xml:46:9-35
65        android:testOnly="true"
66        android:theme="@style/Theme.Cadence"
66-->src/main/AndroidManifest.xml:47:9-45
67        android:usesCleartextTraffic="true" >
67-->src/main/AndroidManifest.xml:42:9-44
68        <activity
68-->src/main/AndroidManifest.xml:49:9-58:20
69            android:name="io.cadence.music.MainActivity"
69-->src/main/AndroidManifest.xml:50:13-41
70            android:exported="true"
70-->src/main/AndroidManifest.xml:51:13-36
71            android:screenOrientation="portrait"
71-->src/main/AndroidManifest.xml:52:13-49
72            android:windowSoftInputMode="adjustResize" >
72-->src/main/AndroidManifest.xml:53:13-55
73            <intent-filter>
73-->src/main/AndroidManifest.xml:54:13-57:29
74                <action android:name="android.intent.action.MAIN" />
74-->src/main/AndroidManifest.xml:55:17-69
74-->src/main/AndroidManifest.xml:55:25-66
75
76                <category android:name="android.intent.category.LAUNCHER" />
76-->src/main/AndroidManifest.xml:56:17-77
76-->src/main/AndroidManifest.xml:56:27-74
77            </intent-filter>
78        </activity> <!-- Required by Health Connect for permission usage disclosure -->
79        <activity-alias
79-->src/main/AndroidManifest.xml:61:9-70:26
80            android:name="io.cadence.music.HealthConnectPrivacyActivity"
80-->src/main/AndroidManifest.xml:62:13-57
81            android:exported="true"
81-->src/main/AndroidManifest.xml:63:13-36
82            android:permission="android.permission.START_VIEW_PERMISSION_USAGE"
82-->src/main/AndroidManifest.xml:65:13-80
83            android:targetActivity="io.cadence.music.MainActivity" >
83-->src/main/AndroidManifest.xml:64:13-51
84            <intent-filter>
84-->src/main/AndroidManifest.xml:66:13-69:29
85                <action android:name="android.intent.action.VIEW_PERMISSION_USAGE" />
85-->src/main/AndroidManifest.xml:67:17-86
85-->src/main/AndroidManifest.xml:67:25-83
86
87                <category android:name="android.intent.category.HEALTH_PERMISSIONS" />
87-->src/main/AndroidManifest.xml:68:17-87
87-->src/main/AndroidManifest.xml:68:27-84
88            </intent-filter>
89        </activity-alias>
90
91        <!-- GPS + sensor collection foreground service -->
92        <service
92-->src/main/AndroidManifest.xml:73:9-76:40
93            android:name="io.cadence.music.data.sensor.LocationService"
93-->src/main/AndroidManifest.xml:74:13-56
94            android:exported="false"
94-->src/main/AndroidManifest.xml:76:13-37
95            android:foregroundServiceType="location" />
95-->src/main/AndroidManifest.xml:75:13-53
96
97        <!-- Music playback MediaSessionService -->
98        <service
98-->src/main/AndroidManifest.xml:79:9-86:19
99            android:name="io.cadence.music.audio.MusicPlayerService"
99-->src/main/AndroidManifest.xml:80:13-53
100            android:exported="true"
100-->src/main/AndroidManifest.xml:82:13-36
101            android:foregroundServiceType="mediaPlayback" >
101-->src/main/AndroidManifest.xml:81:13-58
102            <intent-filter>
102-->src/main/AndroidManifest.xml:83:13-85:29
103                <action android:name="androidx.media3.session.MediaSessionService" />
103-->src/main/AndroidManifest.xml:84:17-86
103-->src/main/AndroidManifest.xml:84:25-83
104            </intent-filter>
105        </service>
106        <service
106-->[androidx.health.connect:connect-client:1.1.0-rc01] AndroidManifest.xml:24:9-32:19
107            android:name="androidx.health.platform.client.impl.sdkservice.HealthDataSdkService"
107-->[androidx.health.connect:connect-client:1.1.0-rc01] AndroidManifest.xml:25:13-96
108            android:enabled="true"
108-->[androidx.health.connect:connect-client:1.1.0-rc01] AndroidManifest.xml:26:13-35
109            android:exported="true" >
109-->[androidx.health.connect:connect-client:1.1.0-rc01] AndroidManifest.xml:27:13-36
110            <intent-filter>
110-->[androidx.health.connect:connect-client:1.1.0-rc01] AndroidManifest.xml:29:13-31:29
111                <action android:name="androidx.health.platform.client.ACTION_BIND_SDK_SERVICE" />
111-->[androidx.health.connect:connect-client:1.1.0-rc01] AndroidManifest.xml:30:17-98
111-->[androidx.health.connect:connect-client:1.1.0-rc01] AndroidManifest.xml:30:25-95
112            </intent-filter>
113        </service>
114
115        <activity
115-->[com.google.android.gms:play-services-base:18.5.0] AndroidManifest.xml:5:9-173
116            android:name="com.google.android.gms.common.api.GoogleApiActivity"
116-->[com.google.android.gms:play-services-base:18.5.0] AndroidManifest.xml:5:19-85
117            android:exported="false"
117-->[com.google.android.gms:play-services-base:18.5.0] AndroidManifest.xml:5:146-170
118            android:theme="@android:style/Theme.Translucent.NoTitleBar" />
118-->[com.google.android.gms:play-services-base:18.5.0] AndroidManifest.xml:5:86-145
119
120        <meta-data
120-->[com.google.android.gms:play-services-basement:18.4.0] AndroidManifest.xml:6:9-122
121            android:name="com.google.android.gms.version"
121-->[com.google.android.gms:play-services-basement:18.4.0] AndroidManifest.xml:6:20-65
122            android:value="@integer/google_play_services_version" />
122-->[com.google.android.gms:play-services-basement:18.4.0] AndroidManifest.xml:6:66-119
123
124        <provider
124-->[androidx.emoji2:emoji2:1.3.0] AndroidManifest.xml:24:9-32:20
125            android:name="androidx.startup.InitializationProvider"
125-->[androidx.emoji2:emoji2:1.3.0] AndroidManifest.xml:25:13-67
126            android:authorities="io.cadence.music.debug.androidx-startup"
126-->[androidx.emoji2:emoji2:1.3.0] AndroidManifest.xml:26:13-68
127            android:exported="false" >
127-->[androidx.emoji2:emoji2:1.3.0] AndroidManifest.xml:27:13-37
128            <meta-data
128-->[androidx.emoji2:emoji2:1.3.0] AndroidManifest.xml:29:13-31:52
129                android:name="androidx.emoji2.text.EmojiCompatInitializer"
129-->[androidx.emoji2:emoji2:1.3.0] AndroidManifest.xml:30:17-75
130                android:value="androidx.startup" />
130-->[androidx.emoji2:emoji2:1.3.0] AndroidManifest.xml:31:17-49
131            <meta-data
131-->[androidx.lifecycle:lifecycle-process:2.8.3] AndroidManifest.xml:29:13-31:52
132                android:name="androidx.lifecycle.ProcessLifecycleInitializer"
132-->[androidx.lifecycle:lifecycle-process:2.8.3] AndroidManifest.xml:30:17-78
133                android:value="androidx.startup" />
133-->[androidx.lifecycle:lifecycle-process:2.8.3] AndroidManifest.xml:31:17-49
134            <meta-data
134-->[androidx.profileinstaller:profileinstaller:1.3.1] AndroidManifest.xml:29:13-31:52
135                android:name="androidx.profileinstaller.ProfileInstallerInitializer"
135-->[androidx.profileinstaller:profileinstaller:1.3.1] AndroidManifest.xml:30:17-85
136                android:value="androidx.startup" />
136-->[androidx.profileinstaller:profileinstaller:1.3.1] AndroidManifest.xml:31:17-49
137        </provider>
138
139        <activity
139-->[androidx.compose.ui:ui-tooling-android:1.6.8] AndroidManifest.xml:23:9-25:39
140            android:name="androidx.compose.ui.tooling.PreviewActivity"
140-->[androidx.compose.ui:ui-tooling-android:1.6.8] AndroidManifest.xml:24:13-71
141            android:exported="true" />
141-->[androidx.compose.ui:ui-tooling-android:1.6.8] AndroidManifest.xml:25:13-36
142
143        <receiver
143-->[androidx.profileinstaller:profileinstaller:1.3.1] AndroidManifest.xml:34:9-52:20
144            android:name="androidx.profileinstaller.ProfileInstallReceiver"
144-->[androidx.profileinstaller:profileinstaller:1.3.1] AndroidManifest.xml:35:13-76
145            android:directBootAware="false"
145-->[androidx.profileinstaller:profileinstaller:1.3.1] AndroidManifest.xml:36:13-44
146            android:enabled="true"
146-->[androidx.profileinstaller:profileinstaller:1.3.1] AndroidManifest.xml:37:13-35
147            android:exported="true"
147-->[androidx.profileinstaller:profileinstaller:1.3.1] AndroidManifest.xml:38:13-36
148            android:permission="android.permission.DUMP" >
148-->[androidx.profileinstaller:profileinstaller:1.3.1] AndroidManifest.xml:39:13-57
149            <intent-filter>
149-->[androidx.profileinstaller:profileinstaller:1.3.1] AndroidManifest.xml:40:13-42:29
150                <action android:name="androidx.profileinstaller.action.INSTALL_PROFILE" />
150-->[androidx.profileinstaller:profileinstaller:1.3.1] AndroidManifest.xml:41:17-91
150-->[androidx.profileinstaller:profileinstaller:1.3.1] AndroidManifest.xml:41:25-88
151            </intent-filter>
152            <intent-filter>
152-->[androidx.profileinstaller:profileinstaller:1.3.1] AndroidManifest.xml:43:13-45:29
153                <action android:name="androidx.profileinstaller.action.SKIP_FILE" />
153-->[androidx.profileinstaller:profileinstaller:1.3.1] AndroidManifest.xml:44:17-85
153-->[androidx.profileinstaller:profileinstaller:1.3.1] AndroidManifest.xml:44:25-82
154            </intent-filter>
155            <intent-filter>
155-->[androidx.profileinstaller:profileinstaller:1.3.1] AndroidManifest.xml:46:13-48:29
156                <action android:name="androidx.profileinstaller.action.SAVE_PROFILE" />
156-->[androidx.profileinstaller:profileinstaller:1.3.1] AndroidManifest.xml:47:17-88
156-->[androidx.profileinstaller:profileinstaller:1.3.1] AndroidManifest.xml:47:25-85
157            </intent-filter>
158            <intent-filter>
158-->[androidx.profileinstaller:profileinstaller:1.3.1] AndroidManifest.xml:49:13-51:29
159                <action android:name="androidx.profileinstaller.action.BENCHMARK_OPERATION" />
159-->[androidx.profileinstaller:profileinstaller:1.3.1] AndroidManifest.xml:50:17-95
159-->[androidx.profileinstaller:profileinstaller:1.3.1] AndroidManifest.xml:50:25-92
160            </intent-filter>
161        </receiver>
162    </application>
163
164</manifest>